#
# A fatal error has been detected by the Java Runtime Environment:
#
#  EXCEPTION_ACCESS_VIOLATION (0xc0000005) at pc=0x0000000070792a69, pid=1644, tid=0x000000000000039c
#
# JRE version: Java(TM) SE Runtime Environment (8.0_201-b09) (build 1.8.0_201-b09)
# Java VM: Java HotSpot(TM) 64-Bit Server VM (25.201-b09 mixed mode windows-amd64 compressed oops)
# Problematic frame:
# V  [jvm.dll+0xc2a69]
#
# Failed to write core dump. Minidumps are not enabled by default on client versions of Windows
#
# If you would like to submit a bug report, please visit:
#   http://bugreport.java.com/bugreport/crash.jsp
#

---------------  T H R E A D  ---------------

Current thread (0x000000005a059000):  JavaThread "TimerManager-Worker-2" [_thread_in_vm, id=924, stack(0x000000005b9b0000,0x000000005bab0000)]

siginfo: ExceptionCode=0xc0000005, reading address 0x0000000000000018

Registers:
RAX=0x0000000016e86778, RBX=0x0000000000000001, RCX=0x0000000040000200, RDX=0x0000000000000018
RSP=0x000000005baaca90, RBP=0x000000005baacb90, RSI=0x000000005a059000, RDI=0x0000000000000000
R8 =0x0000000016e86778, R9 =0x000000005e535e48, R10=0x000000005e535e48, R11=0x0000000000000010
R12=0x000000005baacc70, R13=0x000000005a059000, R14=0x0000000059ff1110, R15=0x000000005baad5d0
RIP=0x0000000070792a69, EFLAGS=0x0000000000010246

Top of Stack: (sp=0x000000005baaca90)
0x000000005baaca90:   0000000016e86778 000000007078fae7
0x000000005baacaa0:   000000005baacc60 0000000016e86778
0x000000005baacab0:   0000000059ff1110 000000000245fe80
0x000000005baacac0:   0000000016e99e10 0000000070ccc130
0x000000005baacad0:   000000005a059000 7461090a0d293435
0x000000005baacae0:   000000005e535e48 000000005a059000
0x000000005baacaf0:   0000000000000001 0000000000000000
0x000000005baacb00:   000000005e535de0 0000000000000000
0x000000005baacb10:   00000000000003d8 0000000058c513f0
0x000000005baacb20:   0000000058c517c8 73616e2e00000000
0x000000005baacb30:   746e692e00000000 0000000059ff1110
0x000000005baacb40:   000000005baacdc0 00000000000000b9
0x000000005baacb50:   000000000245fe80 000000005a059000
0x000000005baacb60:   000000005baacdc0 0000000059ff1110
0x000000005baacb70:   0000000016e86778 000000007078fae7
0x000000005baacb80:   000000005baacdc0 0000000016e86778 

Instructions: (pc=0x0000000070792a69)
0x0000000070792a49:   23 bd 00 00 48 89 7b 10 48 89 73 18 4c 89 73 20
0x0000000070792a59:   e9 8f 06 00 00 41 8b 50 0c 48 8b bd b0 00 00 00
0x0000000070792a69:   48 39 04 3a 0f 84 cf 00 00 00 83 fa 18 75 21 48
0x0000000070792a79:   8b d0 48 8b cf e8 ed 32 06 00 48 8b bd b0 00 00 


Register to memory mapping:

RAX=0x0000000016e86778 is pointing into metadata
RBX=0x0000000000000001 is an unknown value
RCX=0x0000000040000200 is an unknown value
RDX=0x0000000000000018 is an unknown value
RSP=0x000000005baaca90 is pointing into the stack for thread: 0x000000005a059000
RBP=0x000000005baacb90 is pointing into the stack for thread: 0x000000005a059000
RSI=0x000000005a059000 is a thread
RDI=0x0000000000000000 is an unknown value
R8 =0x0000000016e86778 is pointing into metadata
R9 ={method} {0x000000005e535e50} 'getNameTokenCount' '()I' in 'jdk/internal/dynalink/CallSiteDescriptor'
R10={method} {0x000000005e535e50} 'getNameTokenCount' '()I' in 'jdk/internal/dynalink/CallSiteDescriptor'
R11=0x0000000000000010 is an unknown value
R12=0x000000005baacc70 is pointing into the stack for thread: 0x000000005a059000
R13=0x000000005a059000 is a thread
R14=0x0000000059ff1110 is an unknown value
R15=0x000000005baad5d0 is pointing into the stack for thread: 0x000000005a059000


Stack: [0x000000005b9b0000,0x000000005bab0000],  sp=0x000000005baaca90,  free space=1010k
Native frames: (J=compiled Java code, j=interpreted, Vv=VM code, C=native code)
V  [jvm.dll+0xc2a69]
V  [jvm.dll+0xc3eb7]
V  [jvm.dll+0xc46fa]
V  [jvm.dll+0xc4c8f]
V  [jvm.dll+0x22f81e]
V  [jvm.dll+0x2325bc]
V  [jvm.dll+0x232d7f]
C  0x00000000028a5fde

Java frames: (J=compiled Java code, j=interpreted, Vv=VM code)
v  ~RuntimeStub::ic_miss_stub
J 3994 C1 jdk.nashorn.internal.runtime.linker.NashornLinker.getGuardedInvocation(Ljdk/internal/dynalink/linker/LinkRequest;Ljdk/internal/dynalink/linker/LinkerServices;)Ljdk/internal/dynalink/linker/GuardedInvocation; (67 bytes) @ 0x0000000002effb04 [0x0000000002eff700+0x404]
J 3993 C1 jdk.internal.dynalink.support.CompositeTypeBasedGuardingDynamicLinker.getGuardedInvocation(Ljdk/internal/dynalink/linker/LinkRequest;Ljdk/internal/dynalink/linker/LinkerServices;)Ljdk/internal/dynalink/linker/GuardedInvocation; (80 bytes) @ 0x0000000002c3f63c [0x0000000002c3e820+0xe1c]
j  jdk.internal.dynalink.support.CompositeGuardingDynamicLinker.getGuardedInvocation(Ljdk/internal/dynalink/linker/LinkRequest;Ljdk/internal/dynalink/linker/LinkerServices;)Ljdk/internal/dynalink/linker/GuardedInvocation;+29
J 6103 C2 jdk.internal.dynalink.support.LinkerServicesImpl.getGuardedInvocation(Ljdk/internal/dynalink/linker/LinkRequest;)Ljdk/internal/dynalink/linker/GuardedInvocation; (50 bytes) @ 0x0000000003999394 [0x0000000003999220+0x174]
J 8063 C2 jdk.internal.dynalink.DynamicLinker.relink(Ljdk/internal/dynalink/RelinkableCallSite;I[Ljava/lang/Object;)Ljava/lang/invoke/MethodHandle; (311 bytes) @ 0x0000000003cc0090 [0x0000000003cbff80+0x110]
J 6271 C2 java.lang.invoke.LambdaForm$DMH.invokeSpecial_LLIL_L(Ljava/lang/Object;Ljava/lang/Object;Ljava/lang/Object;ILjava/lang/Object;)Ljava/lang/Object; (20 bytes) @ 0x00000000039a4794 [0x00000000039a4760+0x34]
J 7684 C2 java.lang.invoke.LambdaForm$BMH.reinvoke(Ljava/lang/Object;Ljava/lang/Object;)Ljava/lang/Object; (52 bytes) @ 0x0000000003b774c0 [0x0000000003b77420+0xa0]
J 7647 C2 java.lang.invoke.LambdaForm$MH.exactInvoker(Ljava/lang/Object;Ljava/lang/Object;)Ljava/lang/Object; (46 bytes) @ 0x0000000003b3d9dc [0x0000000003b3d980+0x5c]
J 7607 C2 java.lang.invoke.LambdaForm$MH.linkToCallSite(Ljava/lang/Object;Ljava/lang/Object;)Ljava/lang/Object; (14 bytes) @ 0x0000000003b02550 [0x0000000003b02520+0x30]
j  jdk.nashorn.internal.scripts.Script$Recompilation$964$1518$\^eval\_.start(Ljdk/nashorn/internal/runtime/ScriptFunction;Ljava/lang/Object;)Ljava/lang/Object;+17
J 5713 C2 java.lang.invoke.LambdaForm$DMH.invokeStatic_LL_L(Ljava/lang/Object;Ljava/lang/Object;Ljava/lang/Object;)Ljava/lang/Object; (15 bytes) @ 0x0000000002bdf8cc [0x0000000002bdf8a0+0x2c]
J 10289 C1 jdk.nashorn.internal.runtime.ScriptFunctionData.invoke(Ljdk/nashorn/internal/runtime/ScriptFunction;Ljava/lang/Object;[Ljava/lang/Object;)Ljava/lang/Object; (582 bytes) @ 0x0000000004124c8c [0x000000000411e400+0x688c]
J 9814 C1 jdk.nashorn.api.scripting.ScriptObjectMirror.callMember(Ljava/lang/String;[Ljava/lang/Object;)Ljava/lang/Object; (230 bytes) @ 0x00000000032105f4 [0x000000000320fcc0+0x934]
J 8659 C1 jdk.nashorn.api.scripting.NashornScriptEngine.invokeImpl(Ljava/lang/Object;Ljava/lang/String;[Ljava/lang/Object;)Ljava/lang/Object; (192 bytes) @ 0x0000000002ca7d84 [0x0000000002ca7500+0x884]
J 9998 C1 scripting.event.EventManager$2.run()V (47 bytes) @ 0x00000000039e9b64 [0x00000000039e9860+0x304]
J 8774 C2 scripting.event.scheduler.EventScriptScheduler$1.run()V (8 bytes) @ 0x00000000030d1548 [0x00000000030d0c40+0x908]
J 10076% C2 java.util.concurrent.ThreadPoolExecutor.runWorker(Ljava/util/concurrent/ThreadPoolExecutor$Worker;)V (225 bytes) @ 0x0000000004073a44 [0x0000000004073680+0x3c4]
j  java.util.concurrent.ThreadPoolExecutor$Worker.run()V+5
j  java.lang.Thread.run()V+11
v  ~StubRoutines::call_stub

---------------  P R O C E S S  ---------------

Java Threads: ( => current thread )
  0x000000005d407000 JavaThread "NioProcessor-12" [_thread_in_native, id=2028, stack(0x000000005bc10000,0x000000005bd10000)]
  0x0000000059b31000 JavaThread "DestroyJavaVM" [_thread_blocked, id=1708, stack(0x0000000002760000,0x0000000002860000)]
  0x000000005d402800 JavaThread "pool-1-thread-20" [_thread_blocked, id=4068, stack(0x00000000616c0000,0x00000000617c0000)]
  0x000000005d402000 JavaThread "pool-1-thread-19" [_thread_blocked, id=684, stack(0x00000000614a0000,0x00000000615a0000)]
  0x000000005d401000 JavaThread "pool-1-thread-18" [_thread_blocked, id=2952, stack(0x0000000061300000,0x0000000061400000)]
  0x0000000059b3f800 JavaThread "pool-1-thread-17" [_thread_blocked, id=2128, stack(0x00000000610a0000,0x00000000611a0000)]
  0x0000000059b3e800 JavaThread "pool-1-thread-16" [_thread_blocked, id=368, stack(0x0000000060fa0000,0x00000000610a0000)]
  0x0000000059b3e000 JavaThread "pool-1-thread-15" [_thread_blocked, id=936, stack(0x0000000060e50000,0x0000000060f50000)]
  0x0000000059b3d000 JavaThread "pool-1-thread-14" [_thread_blocked, id=3132, stack(0x0000000060d50000,0x0000000060e50000)]
  0x0000000059b3c800 JavaThread "pool-1-thread-13" [_thread_blocked, id=4056, stack(0x0000000060a60000,0x0000000060b60000)]
  0x0000000059b3b800 JavaThread "pool-1-thread-12" [_thread_blocked, id=2492, stack(0x0000000060ba0000,0x0000000060ca0000)]
  0x0000000059b3b000 JavaThread "pool-1-thread-11" [_thread_blocked, id=812, stack(0x00000000603d0000,0x00000000604d0000)]
  0x0000000059b3a000 JavaThread "pool-1-thread-10" [_thread_blocked, id=1168, stack(0x0000000060860000,0x0000000060960000)]
  0x0000000059b39800 JavaThread "pool-1-thread-9" [_thread_blocked, id=3052, stack(0x0000000060730000,0x0000000060830000)]
  0x0000000059b38800 JavaThread "pool-1-thread-8" [_thread_blocked, id=3832, stack(0x0000000060560000,0x0000000060660000)]
  0x0000000059b38000 JavaThread "pool-1-thread-7" [_thread_blocked, id=2424, stack(0x0000000060170000,0x0000000060270000)]
  0x0000000059b37000 JavaThread "pool-1-thread-6" [_thread_blocked, id=1432, stack(0x00000000602d0000,0x00000000603d0000)]
  0x0000000059b36800 JavaThread "pool-1-thread-5" [_thread_blocked, id=992, stack(0x000000005fb80000,0x000000005fc80000)]
  0x0000000059b35800 JavaThread "pool-1-thread-4" [_thread_blocked, id=2264, stack(0x0000000060060000,0x0000000060160000)]
  0x0000000059b35000 JavaThread "pool-1-thread-3" [_thread_blocked, id=1700, stack(0x000000005fe90000,0x000000005ff90000)]
  0x0000000059b34000 JavaThread "pool-1-thread-2" [_thread_blocked, id=3864, stack(0x000000005fca0000,0x000000005fda0000)]
  0x0000000059b33800 JavaThread "pool-1-thread-1" [_thread_blocked, id=2156, stack(0x000000005fa30000,0x000000005fb30000)]
  0x000000005c010800 JavaThread "NioSocketAcceptor-3" [_thread_in_native, id=2440, stack(0x00000000585a0000,0x00000000586a0000)]
  0x0000000058ff6000 JavaThread "NioSocketAcceptor-2" [_thread_in_native, id=3924, stack(0x000000005ea40000,0x000000005eb40000)]
  0x000000005c7fb000 JavaThread "NioSocketAcceptor-1" [_thread_in_native, id=2936, stack(0x000000005d2d0000,0x000000005d3d0000)]
  0x0000000059f44000 JavaThread "TimerManager-Worker-4" [_thread_blocked, id=2452, stack(0x000000005bd10000,0x000000005be10000)]
  0x000000005a05b000 JavaThread "TimerManager-Worker-3" [_thread_blocked, id=2328, stack(0x000000005b320000,0x000000005b420000)]
=>0x000000005a059000 JavaThread "TimerManager-Worker-2" [_thread_in_vm, id=924, stack(0x000000005b9b0000,0x000000005bab0000)]
  0x000000005a462800 JavaThread "TimerManager-Worker-1" [_thread_blocked, id=292, stack(0x000000005b790000,0x000000005b890000)]
  0x000000005a13d800 JavaThread "MySQL Statement Cancellation Timer" daemon [_thread_blocked, id=1740, stack(0x000000005b440000,0x000000005b540000)]
  0x000000005769f800 JavaThread "Service Thread" daemon [_thread_blocked, id=120, stack(0x0000000059630000,0x0000000059730000)]
  0x000000005769c800 JavaThread "C1 CompilerThread2" daemon [_thread_blocked, id=3592, stack(0x00000000594a0000,0x00000000595a0000)]
  0x0000000058c3b000 JavaThread "C2 CompilerThread1" daemon [_thread_blocked, id=616, stack(0x0000000059300000,0x0000000059400000)]
  0x0000000058c2b800 JavaThread "C2 CompilerThread0" daemon [_thread_blocked, id=1832, stack(0x00000000591e0000,0x00000000592e0000)]
  0x0000000058c2a800 JavaThread "Attach Listener" daemon [_thread_blocked, id=1976, stack(0x0000000059070000,0x0000000059170000)]
  0x000000005768e000 JavaThread "Signal Dispatcher" daemon [_thread_blocked, id=2132, stack(0x00000000587c0000,0x00000000588c0000)]
  0x000000005767c000 JavaThread "Finalizer" daemon [_thread_blocked, id=4060, stack(0x0000000058b20000,0x0000000058c20000)]
  0x0000000057634800 JavaThread "Reference Handler" daemon [_thread_blocked, id=892, stack(0x0000000058930000,0x0000000058a30000)]

Other Threads:
  0x000000005762d000 VMThread [stack: 0x00000000586c0000,0x00000000587c0000] [id=1456]
  0x0000000058cd4800 WatcherThread [stack: 0x00000000598c0000,0x00000000599c0000] [id=3768]

VM state:not at safepoint (normal execution)

VM Mutex/Monitor currently owned by a thread: None

heap address: 0x0000000080000000, size: 2048 MB, Compressed Oops mode: 32-bit
Narrow klass base: 0x0000000000000000, Narrow klass shift: 0
Compressed class space size: 1073741824 Address: 0x0000000016ca0000

Heap:
 PSYoungGen      total 401920K, used 346368K [0x00000000d5580000, 0x00000000fae80000, 0x0000000100000000)
  eden space 222720K, 96% used [0x00000000d5580000,0x00000000e285e9b0,0x00000000e2f00000)
  from space 179200K, 72% used [0x00000000e2f00000,0x00000000eae61650,0x00000000ede00000)
  to   space 189952K, 0% used [0x00000000ef500000,0x00000000ef500000,0x00000000fae80000)
 ParOldGen       total 184320K, used 147266K [0x0000000080000000, 0x000000008b400000, 0x00000000d5580000)
  object space 184320K, 79% used [0x0000000080000000,0x0000000088fd0bf8,0x000000008b400000)
 Metaspace       used 40224K, capacity 56034K, committed 56280K, reserved 1099776K
  class space    used 4319K, capacity 5554K, committed 5632K, reserved 1048576K

Card table byte_map: [0x0000000011c20000,0x0000000012030000] byte_map_base: 0x0000000011820000

Marking Bits: (ParMarkBitMap*) 0x0000000070ef4ce0
 Begin Bits: [0x00000000128a0000, 0x00000000148a0000)
 End Bits:   [0x00000000148a0000, 0x00000000168a0000)

Polling page: 0x0000000000130000

CodeCache: size=245760Kb used=27223Kb max_used=27490Kb free=218536Kb
 bounds [0x0000000002860000, 0x0000000004360000, 0x0000000011860000]
 total_blobs=8809 nmethods=8133 adapters=586
 compilation: enabled

Compilation events (10 events):
Event: 2408.136 Thread 0x000000005769c800 10948   !   3       java.io.BufferedWriter::write (117 bytes)
Event: 2408.139 Thread 0x000000005769c800 nmethod 10948 0x0000000003123510 code [0x00000000031236e0, 0x0000000003123e28]
Event: 2408.147 Thread 0x000000005769c800 10946       3       sun.nio.cs.ext.DoubleByte$Encoder::encodeLoop (28 bytes)
Event: 2408.149 Thread 0x000000005769c800 nmethod 10946 0x000000000301e5d0 code [0x000000000301e760, 0x000000000301ecb8]
Event: 2408.152 Thread 0x000000005769c800 10945   !   3       java.nio.charset.CharsetEncoder::encode (285 bytes)
Event: 2408.155 Thread 0x000000005769c800 nmethod 10945 0x0000000003096b10 code [0x0000000003096de0, 0x00000000030983b8]
Event: 2408.162 Thread 0x000000005769c800 10947       3       java.io.Writer::write (11 bytes)
Event: 2408.164 Thread 0x000000005769c800 nmethod 10947 0x0000000004302850 code [0x00000000043029c0, 0x0000000004302cc8]
Event: 2408.167 Thread 0x000000005769c800 10949       3       java.io.BufferedWriter::min (9 bytes)
Event: 2408.167 Thread 0x000000005769c800 nmethod 10949 0x000000000387ae50 code [0x000000000387afa0, 0x000000000387b130]

GC Heap History (10 events):
Event: 86.445 GC heap before
{Heap before GC invocations=34 (full 5):
 PSYoungGen      total 315904K, used 297078K [0x00000000d5580000, 0x00000000f2500000, 0x0000000100000000)
  eden space 196608K, 100% used [0x00000000d5580000,0x00000000e1580000,0x00000000e1580000)
  from space 119296K, 84% used [0x00000000e9680000,0x00000000ef89db08,0x00000000f0b00000)
  to   space 132096K, 0% used [0x00000000e1580000,0x00000000e1580000,0x00000000e9680000)
 ParOldGen       total 184320K, used 140725K [0x0000000080000000, 0x000000008b400000, 0x00000000d5580000)
  object space 184320K, 76% used [0x0000000080000000,0x000000008896d518,0x000000008b400000)
 Metaspace       used 37786K, capacity 52380K, committed 52696K, reserved 1097728K
  class space    used 4101K, capacity 5251K, committed 5376K, reserved 1048576K
Event: 86.526 GC heap after
Heap after GC invocations=34 (full 5):
 PSYoungGen      total 328704K, used 111669K [0x00000000d5580000, 0x00000000f4d80000, 0x0000000100000000)
  eden space 196608K, 0% used [0x00000000d5580000,0x00000000d5580000,0x00000000e1580000)
  from space 132096K, 84% used [0x00000000e1580000,0x00000000e828d540,0x00000000e9680000)
  to   space 146432K, 0% used [0x00000000ebe80000,0x00000000ebe80000,0x00000000f4d80000)
 ParOldGen       total 184320K, used 147234K [0x0000000080000000, 0x000000008b400000, 0x00000000d5580000)
  object space 184320K, 79% used [0x0000000080000000,0x0000000088fc8bf8,0x000000008b400000)
 Metaspace       used 37786K, capacity 52380K, committed 52696K, reserved 1097728K
  class space    used 4101K, capacity 5251K, committed 5376K, reserved 1048576K
}
Event: 93.993 GC heap before
{Heap before GC invocations=35 (full 5):
 PSYoungGen      total 328704K, used 308277K [0x00000000d5580000, 0x00000000f4d80000, 0x0000000100000000)
  eden space 196608K, 100% used [0x00000000d5580000,0x00000000e1580000,0x00000000e1580000)
  from space 132096K, 84% used [0x00000000e1580000,0x00000000e828d540,0x00000000e9680000)
  to   space 146432K, 0% used [0x00000000ebe80000,0x00000000ebe80000,0x00000000f4d80000)
 ParOldGen       total 184320K, used 147234K [0x0000000080000000, 0x000000008b400000, 0x00000000d5580000)
  object space 184320K, 79% used [0x0000000080000000,0x0000000088fc8bf8,0x000000008b400000)
 Metaspace       used 38154K, capacity 52748K, committed 52952K, reserved 1097728K
  class space    used 4120K, capacity 5285K, committed 5376K, reserved 1048576K
Event: 94.122 GC heap after
Heap after GC invocations=35 (full 5):
 PSYoungGen      total 355840K, used 118589K [0x00000000d5580000, 0x00000000f6600000, 0x0000000100000000)
  eden space 209408K, 0% used [0x00000000d5580000,0x00000000d5580000,0x00000000e2200000)
  from space 146432K, 80% used [0x00000000ebe80000,0x00000000f324f5c8,0x00000000f4d80000)
  to   space 160256K, 0% used [0x00000000e2200000,0x00000000e2200000,0x00000000ebe80000)
 ParOldGen       total 184320K, used 147242K [0x0000000080000000, 0x000000008b400000, 0x00000000d5580000)
  object space 184320K, 79% used [0x0000000080000000,0x0000000088fcabf8,0x000000008b400000)
 Metaspace       used 38154K, capacity 52748K, committed 52952K, reserved 1097728K
  class space    used 4120K, capacity 5285K, committed 5376K, reserved 1048576K
}
Event: 150.253 GC heap before
{Heap before GC invocations=36 (full 5):
 PSYoungGen      total 355840K, used 327997K [0x00000000d5580000, 0x00000000f6600000, 0x0000000100000000)
  eden space 209408K, 100% used [0x00000000d5580000,0x00000000e2200000,0x00000000e2200000)
  from space 146432K, 80% used [0x00000000ebe80000,0x00000000f324f5c8,0x00000000f4d80000)
  to   space 160256K, 0% used [0x00000000e2200000,0x00000000e2200000,0x00000000ebe80000)
 ParOldGen       total 184320K, used 147242K [0x0000000080000000, 0x000000008b400000, 0x00000000d5580000)
  object space 184320K, 79% used [0x0000000080000000,0x0000000088fcabf8,0x000000008b400000)
 Metaspace       used 38688K, capacity 53244K, committed 53464K, reserved 1097728K
  class space    used 4156K, capacity 5317K, committed 5376K, reserved 1048576K
Event: 150.331 GC heap after
Heap after GC invocations=36 (full 5):
 PSYoungGen      total 369664K, used 117587K [0x00000000d5580000, 0x00000000f8500000, 0x0000000100000000)
  eden space 209408K, 0% used [0x00000000d5580000,0x00000000d5580000,0x00000000e2200000)
  from space 160256K, 73% used [0x00000000e2200000,0x00000000e94d4fb0,0x00000000ebe80000)
  to   space 171008K, 0% used [0x00000000ede00000,0x00000000ede00000,0x00000000f8500000)
 ParOldGen       total 184320K, used 147250K [0x0000000080000000, 0x000000008b400000, 0x00000000d5580000)
  object space 184320K, 79% used [0x0000000080000000,0x0000000088fccbf8,0x000000008b400000)
 Metaspace       used 38688K, capacity 53244K, committed 53464K, reserved 1097728K
  class space    used 4156K, capacity 5317K, committed 5376K, reserved 1048576K
}
Event: 1505.347 GC heap before
{Heap before GC invocations=37 (full 5):
 PSYoungGen      total 369664K, used 326995K [0x00000000d5580000, 0x00000000f8500000, 0x0000000100000000)
  eden space 209408K, 100% used [0x00000000d5580000,0x00000000e2200000,0x00000000e2200000)
  from space 160256K, 73% used [0x00000000e2200000,0x00000000e94d4fb0,0x00000000ebe80000)
  to   space 171008K, 0% used [0x00000000ede00000,0x00000000ede00000,0x00000000f8500000)
 ParOldGen       total 184320K, used 147250K [0x0000000080000000, 0x000000008b400000, 0x00000000d5580000)
  object space 184320K, 79% used [0x0000000080000000,0x0000000088fccbf8,0x000000008b400000)
 Metaspace       used 39388K, capacity 54282K, committed 54616K, reserved 1097728K
  class space    used 4219K, capacity 5410K, committed 5504K, reserved 1048576K
Event: 1505.524 GC heap after
Heap after GC invocations=37 (full 5):
 PSYoungGen      total 393728K, used 119571K [0x00000000d5580000, 0x00000000f9100000, 0x0000000100000000)
  eden space 222720K, 0% used [0x00000000d5580000,0x00000000d5580000,0x00000000e2f00000)
  from space 171008K, 69% used [0x00000000ede00000,0x00000000f52c4f40,0x00000000f8500000)
  to   space 179200K, 0% used [0x00000000e2f00000,0x00000000e2f00000,0x00000000ede00000)
 ParOldGen       total 184320K, used 147258K [0x0000000080000000, 0x000000008b400000, 0x00000000d5580000)
  object space 184320K, 79% used [0x0000000080000000,0x0000000088fcebf8,0x000000008b400000)
 Metaspace       used 39388K, capacity 54282K, committed 54616K, reserved 1097728K
  class space    used 4219K, capacity 5410K, committed 5504K, reserved 1048576K
}
Event: 1946.069 GC heap before
{Heap before GC invocations=38 (full 5):
 PSYoungGen      total 393728K, used 342291K [0x00000000d5580000, 0x00000000f9100000, 0x0000000100000000)
  eden space 222720K, 100% used [0x00000000d5580000,0x00000000e2f00000,0x00000000e2f00000)
  from space 171008K, 69% used [0x00000000ede00000,0x00000000f52c4f40,0x00000000f8500000)
  to   space 179200K, 0% used [0x00000000e2f00000,0x00000000e2f00000,0x00000000ede00000)
 ParOldGen       total 184320K, used 147258K [0x0000000080000000, 0x000000008b400000, 0x00000000d5580000)
  object space 184320K, 79% used [0x0000000080000000,0x0000000088fcebf8,0x000000008b400000)
 Metaspace       used 39930K, capacity 55260K, committed 55512K, reserved 1099776K
  class space    used 4295K, capacity 5517K, committed 5632K, reserved 1048576K
Event: 1946.167 GC heap after
Heap after GC invocations=38 (full 5):
 PSYoungGen      total 401920K, used 130437K [0x00000000d5580000, 0x00000000fae80000, 0x0000000100000000)
  eden space 222720K, 0% used [0x00000000d5580000,0x00000000d5580000,0x00000000e2f00000)
  from space 179200K, 72% used [0x00000000e2f00000,0x00000000eae61650,0x00000000ede00000)
  to   space 189952K, 0% used [0x00000000ef500000,0x00000000ef500000,0x00000000fae80000)
 ParOldGen       total 184320K, used 147266K [0x0000000080000000, 0x000000008b400000, 0x00000000d5580000)
  object space 184320K, 79% used [0x0000000080000000,0x0000000088fd0bf8,0x000000008b400000)
 Metaspace       used 39930K, capacity 55260K, committed 55512K, reserved 1099776K
  class space    used 4295K, capacity 5517K, committed 5632K, reserved 1048576K
}

Deoptimization events (10 events):
Event: 2005.033 Thread 0x000000005d407000 Uncommon trap: reason=null_check action=make_not_entrant pc=0x0000000004013064 method=java.util.concurrent.ThreadPoolExecutor.getTask()Ljava/lang/Runnable; @ 139
Event: 2012.669 Thread 0x000000005a05b000 Uncommon trap: reason=unstable_if action=reinterpret pc=0x0000000004103c3c method=java.util.concurrent.locks.ReentrantLock$FairSync.tryAcquire(I)Z @ 26
Event: 2089.139 Thread 0x000000005d405000 Uncommon trap: reason=speculate_class_check action=maybe_recompile pc=0x0000000003e43a60 method=jdk.nashorn.internal.codegen.types.Type.isObject()Z @ 1
Event: 2094.032 Thread 0x000000005c010800 Uncommon trap: reason=class_check action=maybe_recompile pc=0x00000000040f1710 method=sun.nio.ch.WindowsSelectorImpl$SubSelector.processFDSet(J[IIZ)I @ 259
Event: 2251.409 Thread 0x000000005a462800 Uncommon trap: reason=unstable_if action=reinterpret pc=0x00000000029e1fac method=com.mysql.jdbc.MysqlIO.checkTransactionState(I)V @ 3
Event: 2378.960 Thread 0x000000005c010800 Uncommon trap: reason=class_check action=maybe_recompile pc=0x00000000040f1710 method=sun.nio.ch.WindowsSelectorImpl$SubSelector.processFDSet(J[IIZ)I @ 259
Event: 2407.526 Thread 0x000000005a05b000 Uncommon trap: reason=class_check action=maybe_recompile pc=0x0000000003980f50 method=jdk.nashorn.internal.runtime.linker.NashornLinker.getGuardedInvocation(Ljdk/internal/dynalink/linker/LinkRequest;Ljdk/internal/dynalink/linker/LinkerServices;)Ljdk/inter
Event: 2407.726 Thread 0x0000000059f44000 Uncommon trap: reason=class_check action=maybe_recompile pc=0x0000000003980f50 method=jdk.nashorn.internal.runtime.linker.NashornLinker.getGuardedInvocation(Ljdk/internal/dynalink/linker/LinkRequest;Ljdk/internal/dynalink/linker/LinkerServices;)Ljdk/inter
Event: 2407.935 Thread 0x000000005a05b000 Uncommon trap: reason=class_check action=maybe_recompile pc=0x0000000003980f50 method=jdk.nashorn.internal.runtime.linker.NashornLinker.getGuardedInvocation(Ljdk/internal/dynalink/linker/LinkRequest;Ljdk/internal/dynalink/linker/LinkerServices;)Ljdk/inter
Event: 2408.123 Thread 0x000000005a059000 Uncommon trap: reason=class_check action=maybe_recompile pc=0x0000000003980f50 method=jdk.nashorn.internal.runtime.linker.NashornLinker.getGuardedInvocation(Ljdk/internal/dynalink/linker/LinkRequest;Ljdk/internal/dynalink/linker/LinkerServices;)Ljdk/inter

Classes redefined (0 events):
No events

Internal exceptions (10 events):
Event: 1935.376 Thread 0x0000000059b3d000 Implicit null exception at 0x00000000039e4343 to 0x00000000039e43de
Event: 1935.788 Thread 0x000000005d407000 Implicit null exception at 0x0000000004253910 to 0x0000000004253f7d
Event: 1935.789 Thread 0x000000005d407000 Implicit null exception at 0x0000000004207634 to 0x0000000004208e45
Event: 1938.638 Thread 0x000000005d407000 Implicit null exception at 0x000000000422a515 to 0x000000000422ae89
Event: 1945.037 Thread 0x000000005d405000 Implicit null exception at 0x0000000004241da2 to 0x0000000004241ea0
Event: 1945.537 Thread 0x000000005d405000 Implicit null exception at 0x000000000389e9ca to 0x000000000389eacc
Event: 1946.169 Thread 0x000000005767c000 Exception <a 'java/net/SocketException': Socket closed> (0x00000000d57d5f10) thrown at [C:\re\workspace\8-2-build-windows-amd64-cygwin\jdk8u201\12322\hotspot\src\share\vm\prims\jni.cpp, line 735]
Event: 1946.169 Thread 0x000000005767c000 Exception <a 'java/lang/reflect/InvocationTargetException'> (0x00000000d57d73e0) thrown at [C:\re\workspace\8-2-build-windows-amd64-cygwin\jdk8u201\12322\hotspot\src\share\vm\runtime\reflection.cpp, line 1092]
Event: 1994.602 Thread 0x000000005d406800 Implicit null exception at 0x0000000004012f68 to 0x0000000004013055
Event: 2005.033 Thread 0x000000005d407000 Implicit null exception at 0x0000000004012f68 to 0x0000000004013055

Events (10 events):
Event: 2408.168 Thread 0x000000005769c800 flushing nmethod 0x000000000374d090
Event: 2408.168 Thread 0x000000005769c800 flushing nmethod 0x0000000003774410
Event: 2408.169 Thread 0x000000005769c800 flushing nmethod 0x0000000003776bd0
Event: 2408.169 Thread 0x000000005769c800 flushing nmethod 0x000000000378b9d0
Event: 2408.169 Thread 0x000000005769c800 flushing nmethod 0x00000000037c79d0
Event: 2408.169 Thread 0x000000005769c800 flushing nmethod 0x00000000037d32d0
Event: 2408.169 Thread 0x000000005769c800 flushing nmethod 0x00000000037d7c10
Event: 2408.169 Thread 0x000000005769c800 flushing nmethod 0x00000000037d8ad0
Event: 2408.169 Thread 0x000000005769c800 flushing nmethod 0x00000000037dab50
Event: 2408.169 Thread 0x000000005769c800 flushing nmethod 0x00000000037ec450


Dynamic libraries:
0x000000013f780000 - 0x000000013f7b7000 	C:\Program Files (x86)\Common Files\Oracle\Java\javapath\java.exe
0x00000000770d0000 - 0x000000007726f000 	C:\Windows\SYSTEM32\ntdll.dll
0x0000000076eb0000 - 0x0000000076fcf000 	C:\Windows\system32\kernel32.dll
0x000007fefd220000 - 0x000007fefd28a000 	C:\Windows\system32\KERNELBASE.dll
0x000007fefd9e0000 - 0x000007fefdabb000 	C:\Windows\system32\ADVAPI32.dll
0x000007fefe060000 - 0x000007fefe0ff000 	C:\Windows\system32\msvcrt.dll
0x000007fefdac0000 - 0x000007fefdadf000 	C:\Windows\SYSTEM32\sechost.dll
0x000007feff020000 - 0x000007feff14c000 	C:\Windows\system32\RPCRT4.dll
0x0000000076fd0000 - 0x00000000770ca000 	C:\Windows\system32\USER32.dll
0x000007fefe100000 - 0x000007fefe167000 	C:\Windows\system32\GDI32.dll
0x000007feff1d0000 - 0x000007feff1de000 	C:\Windows\system32\LPK.dll
0x000007fefd4d0000 - 0x000007fefd599000 	C:\Windows\system32\USP10.dll
0x000007fefb970000 - 0x000007fefbb64000 	C:\Windows\WinSxS\amd64_microsoft.windows.common-controls_6595b64144ccf1df_6.0.7601.17514_none_fa396087175ac9ac\COMCTL32.dll
0x000007feff150000 - 0x000007feff1c1000 	C:\Windows\system32\SHLWAPI.dll
0x000007fefd5a0000 - 0x000007fefd5ce000 	C:\Windows\system32\IMM32.DLL
0x000007fefdd40000 - 0x000007fefde49000 	C:\Windows\system32\MSCTF.dll
0x0000000074630000 - 0x0000000074701000 	C:\Java\jre\bin\msvcr100.dll
0x00000000706d0000 - 0x0000000070f74000 	C:\Java\jre\bin\server\jvm.dll
0x000007fef8df0000 - 0x000007fef8df9000 	C:\Windows\system32\WSOCK32.dll
0x000007fefd3e0000 - 0x000007fefd42d000 	C:\Windows\system32\WS2_32.dll
0x000007fefd3d0000 - 0x000007fefd3d8000 	C:\Windows\system32\NSI.dll
0x000007fef89b0000 - 0x000007fef89eb000 	C:\Windows\system32\WINMM.dll
0x000007fefc160000 - 0x000007fefc16c000 	C:\Windows\system32\VERSION.dll
0x0000000077270000 - 0x0000000077277000 	C:\Windows\system32\PSAPI.DLL
0x000007fefbe60000 - 0x000007fefbe6f000 	C:\Java\jre\bin\verify.dll
0x000007fef4350000 - 0x000007fef4379000 	C:\Java\jre\bin\java.dll
0x000007fefa900000 - 0x000007fefa916000 	C:\Java\jre\bin\zip.dll
0x000007fefe170000 - 0x000007fefeef8000 	C:\Windows\system32\SHELL32.dll
0x000007fefde50000 - 0x000007fefe053000 	C:\Windows\system32\ole32.dll
0x000007fefd000000 - 0x000007fefd00f000 	C:\Windows\system32\profapi.dll
0x000007fef6e20000 - 0x000007fef6e3a000 	C:\Java\jre\bin\net.dll
0x000007feff1e0000 - 0x000007feff358000 	C:\Windows\system32\urlmon.dll
0x000007fefd7b0000 - 0x000007fefd8da000 	C:\Windows\system32\WININET.dll
0x000007fefdae0000 - 0x000007fefdd39000 	C:\Windows\system32\iertutil.dll
0x000007fefd900000 - 0x000007fefd9d7000 	C:\Windows\system32\OLEAUT32.dll
0x000007fefd0b0000 - 0x000007fefd21d000 	C:\Windows\system32\CRYPT32.dll
0x000007fefd0a0000 - 0x000007fefd0af000 	C:\Windows\system32\MSASN1.dll
0x000007fefc7e0000 - 0x000007fefc835000 	C:\Windows\system32\mswsock.dll
0x000007fefc7d0000 - 0x000007fefc7d7000 	C:\Windows\System32\wship6.dll
0x000007fefae60000 - 0x000007fefae87000 	C:\Windows\system32\IPHLPAPI.DLL
0x000007fefae50000 - 0x000007fefae5b000 	C:\Windows\system32\WINNSI.DLL
0x000007fefac80000 - 0x000007fefac91000 	C:\Windows\system32\dhcpcsvc6.DLL
0x000007fefaa10000 - 0x000007fefaa28000 	C:\Windows\system32\dhcpcsvc.DLL
0x000007fef6e00000 - 0x000007fef6e11000 	C:\Java\jre\bin\nio.dll
0x000007fefc230000 - 0x000007fefc237000 	C:\Windows\System32\wshtcpip.dll
0x000007fefc660000 - 0x000007fefc6bb000 	C:\Windows\system32\DNSAPI.dll
0x000007fef8d60000 - 0x000007fef8d68000 	C:\Windows\system32\rasadhlp.dll
0x000007fefad50000 - 0x000007fefada3000 	C:\Windows\System32\fwpuclnt.dll
0x000007fefb570000 - 0x000007fefb57d000 	C:\Java\jre\bin\management.dll
0x000007fefc840000 - 0x000007fefc858000 	C:\Windows\system32\CRYPTSP.dll
0x000007fefc540000 - 0x000007fefc587000 	C:\Windows\system32\rsaenh.dll
0x000007fefc340000 - 0x000007fefc35e000 	C:\Windows\system32\USERENV.dll
0x000007fefcef0000 - 0x000007fefceff000 	C:\Windows\system32\CRYPTBASE.dll
0x000007fef16e0000 - 0x000007fef1879000 	C:\Java\jre\bin\awt.dll
0x000007fef82f0000 - 0x000007fef8314000 	C:\Java\jre\bin\sunec.dll
0x000007fef9ef0000 - 0x000007fefa015000 	C:\Windows\system32\dbghelp.dll

VM Arguments:
jvm_args: -Xmx2048m -Dwzpath=wz\ 
java_command: net.server.Server
java_class_path (initial): .;dist\heavenms.jar;dist\HikariCP-java7-2.4.13.jar;dist\mina-core-2.0.19.jar;dist\mysql-connector-java-bin.jar;dist\slf4j-api-1.7.21.jar;dist\slf4j-jdk14-1.7.5.jar;dist\yamlbeans-1.13.jar
Launcher Type: SUN_STANDARD

Environment Variables:
JAVA_HOME=C:\Java\jdk1.8.0_201
CLASSPATH=.;dist\*
PATH=C:\Java\jdk1.8.0_211\bin;C:\Program Files (x86)\Common Files\Oracle\Java\javapath;C:\Windows\system32;C:\Windows;C:\Windows\System32\Wbem;C:\Windows\System32\WindowsPowerShell\v1.0\;C:\Program Files\MySQL\MySQL Server 5.5\bin
USERNAME=lee
OS=Windows_NT
PROCESSOR_IDENTIFIER=Intel64 Family 6 Model 158 Stepping 9, GenuineIntel



---------------  S Y S T E M  ---------------

OS: Windows 7 , 64 bit Build 7601 (6.1.7601.24384)

CPU:total 4 (initial active 4) (2 cores per cpu, 1 threads per core) family 6 model 158 stepping 9, cmov, cx8, fxsr, mmx, sse, sse2, sse3, ssse3, sse4.1, sse4.2, popcnt, avx, avx2, aes, clmul, erms, 3dnowpref, lzcnt, tsc, tscinvbit, bmi1, bmi2, adx

Memory: 4k page, physical 2096632k(501032k free), swap 4193264k(2044928k free)

vm_info: Java HotSpot(TM) 64-Bit Server VM (25.201-b09) for windows-amd64 JRE (1.8.0_201-b09), built on Dec 15 2018 18:36:39 by "java_re" with MS VC++ 10.0 (VS2010)

time: Fri May 20 21:14:54 2022
timezone: 中国标准时间
elapsed time: 2408 seconds (0d 0h 40m 8s)

